
============================================================
Sessão iniciada em 2026-04-21T22:34:06.303917
============================================================

> nx-relatorios-sp@1.0.0 dev
> next dev
[1m[38;2;173;127;168m▲ Next.js 16.1.6[39m[22m (Turbopack)
- Local:         http://localhost:3000
- Network:       http://192.168.100.11:3000
[32m[1m✓[22m[39m Starting...
[32m[1m✓[22m[39m Ready in 4.2s
[37m[1m○[22m[39m Compiling / ...
 GET / [32m200[39m in 14.1s[2m (compile: 13.1s, render: 972ms)[22m
 GET /meta.json [33m404[39m in 4.7s[2m (compile: 2.6s, render: 2.2s)[22m
 GET /meta.json [33m404[39m in 774ms[2m (compile: 117ms, render: 657ms)[22m
 GET /meta.json [33m404[39m in 754ms[2m (compile: 381ms, render: 373ms)[22m
[32m[1m✓[22m[39m Compiled in 375ms
[32m[1m✓[22m[39m Compiled in 745ms
 GET / [32m200[39m in 1147ms[2m (compile: 422ms, render: 725ms)[22m
 GET /meta.json [33m404[39m in 272ms[2m (compile: 36ms, render: 237ms)[22m
[32m[1m✓[22m[39m Compiled in 225ms
 GET / [32m200[39m in 1667ms[2m (compile: 982ms, render: 685ms)[22m
 GET /meta.json [33m404[39m in 994ms[2m (compile: 697ms, render: 297ms)[22m
[32m[1m✓[22m[39m Compiled in 1820ms
[32m[1m✓[22m[39m Compiled in 4.2s
[31m[1m⨯[22m[39m ./components/ImageEditorModal.tsx:88:4
Parsing ecmascript source code failed
[0m [90m 86 |[39m       isInitializing[33m.[39mcurrent [33m=[39m [36mfalse[39m[33m;[39m
 [90m 87 |[39m     }[33m;[39m
[31m[1m>[22m[39m[90m 88 |[39m   }[33m,[39m [imageUrl])[33m;[39m
 [90m    |[39m    [31m[1m^[22m[39m
 [90m 89 |[39m
 [90m 90 |[39m   [90m// Lógica de "Trava de Ferramenta" (Desenhar setas, círculos)[39m
 [90m 91 |[39m   useEffect(() [33m=>[39m {[0m
Expression expected
Import traces:
  Client Component Browser:
    ./components/ImageEditorModal.tsx [Client Component Browser]
    ./components/PreviewGrid.tsx [Client Component Browser]
    ./app/page.tsx [Client Component Browser]
    ./app/page.tsx [Server Component]
  Client Component SSR:
    ./components/ImageEditorModal.tsx [Client Component SSR]
    ./components/PreviewGrid.tsx [Client Component SSR]
    ./app/page.tsx [Client Component SSR]
    ./app/page.tsx [Server Component]
[37m[1m○[22m[39m Compiling /_error ...
 GET / [31m500[39m in 19.5s[2m (compile: 17.5s, render: 2.0s)[22m
 GET /meta.json [33m404[39m in 1997ms[2m (compile: 655ms, render: 1342ms)[22m

============================================================
Sessão iniciada em 2026-04-21T23:08:56.798528
============================================================

> nx-relatorios-sp@1.0.0 dev
> next dev
[1m[38;2;173;127;168m▲ Next.js 16.1.6[39m[22m (Turbopack)
- Local:         http://localhost:3000
- Network:       http://192.168.100.11:3000
[32m[1m✓[22m[39m Starting...
[32m[1m✓[22m[39m Ready in 3.9s
[37m[1m○[22m[39m Compiling / ...
[31m[1m⨯[22m[39m ./components/ImageEditorModal.tsx:88:4
Parsing ecmascript source code failed
[0m [90m 86 |[39m       isInitializing[33m.[39mcurrent [33m=[39m [36mfalse[39m[33m;[39m
 [90m 87 |[39m     }[33m;[39m
[31m[1m>[22m[39m[90m 88 |[39m   }[33m,[39m [imageUrl])[33m;[39m
 [90m    |[39m    [31m[1m^[22m[39m
 [90m 89 |[39m
 [90m 90 |[39m   [90m// Lógica de "Trava de Ferramenta" (Desenhar setas, círculos)[39m
 [90m 91 |[39m   useEffect(() [33m=>[39m {[0m
Expression expected
Import traces:
  Client Component Browser:
    ./components/ImageEditorModal.tsx [Client Component Browser]
    ./components/PreviewGrid.tsx [Client Component Browser]
    ./app/page.tsx [Client Component Browser]
    ./app/page.tsx [Server Component]
  Client Component SSR:
    ./components/ImageEditorModal.tsx [Client Component SSR]
    ./components/PreviewGrid.tsx [Client Component SSR]
    ./app/page.tsx [Client Component SSR]
    ./app/page.tsx [Server Component]
 GET / [31m500[39m in 6.2s[2m (compile: 5.1s, render: 1169ms)[22m
 GET /meta.json [33m404[39m in 4.1s[2m (compile: 1475ms, render: 2.6s)[22m
 GET /meta.json [33m404[39m in 500ms[2m (compile: 40ms, render: 460ms)[22m
[32m[1m✓[22m[39m Compiled in 1212ms
 GET / [32m200[39m in 2.4s[2m (compile: 1341ms, render: 1033ms)[22m
 GET /meta.json [33m404[39m in 269ms[2m (compile: 49ms, render: 221ms)[22m
[32m[1m✓[22m[39m Compiled in 332ms
[31m[1m⨯[22m[39m ./components/ImageEditorModal.tsx:481:17
Parsing ecmascript source code failed
[0m [90m 479 |[39m             [33m<[39m[33m/[39m[33mdiv[39m[33m>[39m
 [90m 480 |[39m
[31m[1m>[22m[39m[90m 481 |[39m           [33m<[39m[33m/[39m[33mdiv[39m[33m>[39m
 [90m     |[39m                 [31m[1m^[22m[39m
[31m[1m>[22m[39m[90m 482 |[39m
 [90m     |[39m [31m[1m^[22m[39m
[31m[1m>[22m[39m[90m 483 |[39m           {[90m/* RODAPÉ: Ações fáceis */[39m}
 [90m     |[39m [31m[1m^[22m[39m[31m[1m^[22m[39m[31m[1m^[22m[39m[31m[1m^[22m[39m[31m[1m^[22m[39m[31m[1m^[22m[39m[31m[1m^[22m[39m[31m[1m^[22m[39m[31m[1m^[22m[39m[31m[1m^[22m[39m[31m[1m^[22m[39m
 [90m 484 |[39m           [33m<[39m[33mdiv[39m className[33m=[39m[32m"p-4 border-t border-white/10 bg-black/20 flex justify-between items-center"[39m[33m>[39m
 [90m 485 |[39m             [33m<[39m[33mspan[39m className[33m=[39m[32m"text-xs font-mono text-white/40"[39m[33m>[39m[33mModo[39m de [33mEdição[39m [33mAvançado[39m ([33mTudo[39m [33mClique[39m)[33m<[39m[33m/[39m[33mspan[39m[33m>[39m
 [90m 486 |[39m             [0m
Expected '</', got 'jsx text'
Import traces:
  Client Component Browser:
    ./components/ImageEditorModal.tsx [Client Component Browser]
    ./components/PreviewGrid.tsx [Client Component Browser]
    ./app/page.tsx [Client Component Browser]
    ./app/page.tsx [Server Component]
  Client Component SSR:
    ./components/ImageEditorModal.tsx [Client Component SSR]
    ./components/PreviewGrid.tsx [Client Component SSR]
    ./app/page.tsx [Client Component SSR]
    ./app/page.tsx [Server Component]
 GET / [31m500[39m in 397ms[2m (compile: 217ms, render: 180ms)[22m
 GET /meta.json [33m404[39m in 553ms[2m (compile: 71ms, render: 481ms)[22m
[?25h

============================================================
Sessão iniciada em 2026-04-21T23:23:29.293591
============================================================

> nx-relatorios-sp@1.0.0 dev
> next dev
[1m[38;2;173;127;168m▲ Next.js 16.1.6[39m[22m (Turbopack)
- Local:         http://localhost:3000
- Network:       http://192.168.100.11:3000
[32m[1m✓[22m[39m Starting...
[32m[1m✓[22m[39m Ready in 3.7s
[37m[1m○[22m[39m Compiling / ...
[31m[1m⨯[22m[39m ./components/ImageEditorModal.tsx:481:17
Parsing ecmascript source code failed
[0m [90m 479 |[39m             [33m<[39m[33m/[39m[33mdiv[39m[33m>[39m
 [90m 480 |[39m
[31m[1m>[22m[39m[90m 481 |[39m           [33m<[39m[33m/[39m[33mdiv[39m[33m>[39m
 [90m     |[39m                 [31m[1m^[22m[39m
[31m[1m>[22m[39m[90m 482 |[39m
 [90m     |[39m [31m[1m^[22m[39m
[31m[1m>[22m[39m[90m 483 |[39m           {[90m/* RODAPÉ: Ações fáceis */[39m}
 [90m     |[39m [31m[1m^[22m[39m[31m[1m^[22m[39m[31m[1m^[22m[39m[31m[1m^[22m[39m[31m[1m^[22m[39m[31m[1m^[22m[39m[31m[1m^[22m[39m[31m[1m^[22m[39m[31m[1m^[22m[39m[31m[1m^[22m[39m[31m[1m^[22m[39m
 [90m 484 |[39m           [33m<[39m[33mdiv[39m className[33m=[39m[32m"p-4 border-t border-white/10 bg-black/20 flex justify-between items-center"[39m[33m>[39m
 [90m 485 |[39m             [33m<[39m[33mspan[39m className[33m=[39m[32m"text-xs font-mono text-white/40"[39m[33m>[39m[33mModo[39m de [33mEdição[39m [33mAvançado[39m ([33mTudo[39m [33mClique[39m)[33m<[39m[33m/[39m[33mspan[39m[33m>[39m
 [90m 486 |[39m             [0m
Expected '</', got 'jsx text'
Import traces:
  Client Component Browser:
    ./components/ImageEditorModal.tsx [Client Component Browser]
    ./components/PreviewGrid.tsx [Client Component Browser]
    ./app/page.tsx [Client Component Browser]
    ./app/page.tsx [Server Component]
  Client Component SSR:
    ./components/ImageEditorModal.tsx [Client Component SSR]
    ./components/PreviewGrid.tsx [Client Component SSR]
    ./app/page.tsx [Client Component SSR]
    ./app/page.tsx [Server Component]
 GET / [31m500[39m in 8.3s[2m (compile: 7.1s, render: 1236ms)[22m
 GET /meta.json [33m404[39m in 3.0s[2m (compile: 1367ms, render: 1656ms)[22m
 GET /meta.json [33m404[39m in 649ms[2m (compile: 103ms, render: 546ms)[22m
 GET /meta.json [33m404[39m in 606ms[2m (compile: 318ms, render: 288ms)[22m
[32m[1m✓[22m[39m Compiled in 1328ms
 GET / [32m200[39m in 1879ms[2m (compile: 1176ms, render: 703ms)[22m
 GET /meta.json [33m404[39m in 338ms[2m (compile: 79ms, render: 259ms)[22m
[32m[1m✓[22m[39m Compiled in 274ms
[32m[1m✓[22m[39m Compiled in 638ms
^C^C

============================================================
Sessão iniciada em 2026-04-21T23:36:05.049481
============================================================

> nx-relatorios-sp@1.0.0 dev
> next dev
[1m[38;2;173;127;168m▲ Next.js 16.1.6[39m[22m (Turbopack)
- Local:         http://localhost:3000
- Network:       http://192.168.100.11:3000
[32m[1m✓[22m[39m Starting...
[32m[1m✓[22m[39m Ready in 3.1s
[31m[1m⨯[22m[39m ./components/SidebarWizard.tsx:275:1
Parsing ecmascript source code failed
[0m [90m 273 |[39m     [33m<[39m[33m/[39m[33maside[39m[33m>[39m
 [90m 274 |[39m   )[33m;[39m
[31m[1m>[22m[39m[90m 275 |[39m }
 [90m     |[39m [31m[1m^[22m[39m
 [90m 276 |[39m
 [90m 277 |[39m [36mfunction[39m [33mStatusLog[39m({ text[33m,[39m delay }[33m:[39m { text[33m:[39m string[33m,[39m delay[33m:[39m number }) {
 [90m 278 |[39m   [36mconst[39m [show[33m,[39m setShow] [33m=[39m useState([36mfalse[39m)[33m;[39m[0m
Unexpected token. Did you mean `[35m{'}[39m'}` or `&rbrace;`?
Import traces:
  Client Component Browser:
    ./components/SidebarWizard.tsx [Client Component Browser]
    ./app/page.tsx [Client Component Browser]
    ./app/page.tsx [Server Component]
  Client Component SSR:
    ./components/SidebarWizard.tsx [Client Component SSR]
    ./app/page.tsx [Client Component SSR]
    ./app/page.tsx [Server Component]
 GET / [31m500[39m in 3.9s[2m (compile: 2.7s, render: 1118ms)[22m
 GET /meta.json [33m404[39m in 3.5s[2m (compile: 2.4s, render: 1049ms)[22m
 GET /meta.json [33m404[39m in 369ms[2m (compile: 54ms, render: 315ms)[22m
[32m[1m✓[22m[39m Compiled in 5s
 GET / [32m200[39m in 2.5s[2m (compile: 1512ms, render: 1019ms)[22m
 GET /meta.json [33m404[39m in 381ms[2m (compile: 72ms, render: 309ms)[22m
[32m[1m✓[22m[39m Compiled in 129ms
 GET / [32m200[39m in 446ms[2m (compile: 198ms, render: 249ms)[22m
 GET /meta.json [33m404[39m in 130ms[2m (compile: 17ms, render: 112ms)[22m
[32m[1m✓[22m[39m Compiled in 108ms
[32m[1m✓[22m[39m Compiled in 214ms
[32m[1m✓[22m[39m Compiled in 1145ms
 GET / [32m200[39m in 1475ms[2m (compile: 852ms, render: 623ms)[22m
 GET /meta.json [33m404[39m in 353ms[2m (compile: 72ms, render: 281ms)[22m
[32m[1m✓[22m[39m Compiled in 182ms
 GET / [32m200[39m in 482ms[2m (compile: 218ms, render: 264ms)[22m
 GET /meta.json [33m404[39m in 430ms[2m (compile: 43ms, render: 388ms)[22m
^C^C

============================================================
Sessão iniciada em 2026-04-22T00:50:25.718954
============================================================

> nx-relatorios-sp@1.0.0 dev
> next dev
[1m[38;2;173;127;168m▲ Next.js 16.1.6[39m[22m (Turbopack)
- Local:         http://localhost:3000
- Network:       http://192.168.100.11:3000
[32m[1m✓[22m[39m Starting...
[32m[1m✓[22m[39m Ready in 2s
 GET / [32m200[39m in 4.4s[2m (compile: 3.5s, render: 841ms)[22m
 GET /meta.json [33m404[39m in 1270ms[2m (compile: 710ms, render: 561ms)[22m
 GET /meta.json [33m404[39m in 558ms[2m (compile: 30ms, render: 528ms)[22m
 GET /meta.json [33m404[39m in 750ms[2m (compile: 36ms, render: 714ms)[22m
 GET /meta.json [33m404[39m in 532ms[2m (compile: 37ms, render: 496ms)[22m
 GET /meta.json [33m404[39m in 269ms[2m (compile: 32ms, render: 237ms)[22m
[32m[1m✓[22m[39m Compiled in 1290ms
[32m[1m✓[22m[39m Compiled in 565ms
[32m[1m✓[22m[39m Compiled in 186ms
 GET / [32m200[39m in 1211ms[2m (compile: 522ms, render: 689ms)[22m
 GET /meta.json [33m404[39m in 382ms[2m (compile: 74ms, render: 308ms)[22m
[32m[1m✓[22m[39m Compiled in 574ms
 GET / [32m200[39m in 441ms[2m (compile: 146ms, render: 295ms)[22m
 GET /meta.json [33m404[39m in 282ms[2m (compile: 41ms, render: 241ms)[22m
[32m[1m✓[22m[39m Compiled in 436ms

============================================================
Sessão iniciada em 2026-04-22T02:50:13.216197
============================================================

> nx-relatorios-sp@1.0.0 dev
> next dev
[1m[38;2;173;127;168m▲ Next.js 16.1.6[39m[22m (Turbopack)
- Local:         http://localhost:3000
- Network:       http://192.168.100.11:3000
[32m[1m✓[22m[39m Starting...
[32m[1m✓[22m[39m Ready in 3.3s
[37m[1m○[22m[39m Compiling / ...
 GET / [32m200[39m in 8.8s[2m (compile: 7.6s, render: 1135ms)[22m
 GET /meta.json [33m404[39m in 871ms[2m (compile: 451ms, render: 420ms)[22m
 GET /meta.json [33m404[39m in 234ms[2m (compile: 20ms, render: 214ms)[22m
 GET /meta.json [33m404[39m in 507ms[2m (compile: 156ms, render: 351ms)[22m
^C^C

============================================================
Sessão iniciada em 2026-04-22T02:56:52.151078
============================================================

> nx-relatorios-sp@1.0.0 dev
> next dev
[1m[38;2;173;127;168m▲ Next.js 16.1.6[39m[22m (Turbopack)
- Local:         http://localhost:3000
- Network:       http://192.168.100.11:3000
[32m[1m✓[22m[39m Starting...
[32m[1m✓[22m[39m Ready in 2.4s
 GET / [32m200[39m in 4.8s[2m (compile: 3.9s, render: 832ms)[22m
 GET /meta.json [33m404[39m in 1795ms[2m (compile: 671ms, render: 1124ms)[22m
 GET /meta.json [33m404[39m in 534ms[2m (compile: 43ms, render: 491ms)[22m
 GET /meta.json [33m404[39m in 553ms[2m (compile: 37ms, render: 516ms)[22m

============================================================
Sessão iniciada em 2026-04-22T10:26:17.790673
============================================================

> nx-relatorios-sp@1.0.0 dev
> next dev
[1m[38;2;173;127;168m▲ Next.js 16.1.6[39m[22m (Turbopack)
- Local:         http://localhost:3000
- Network:       http://192.168.100.11:3000
[32m[1m✓[22m[39m Starting...
[32m[1m✓[22m[39m Ready in 8s
[37m[1m○[22m[39m Compiling / ...
 GET / [32m200[39m in 8.3s[2m (compile: 6.5s, render: 1793ms)[22m
 GET /meta.json [33m404[39m in 2.7s[2m (compile: 501ms, render: 2.2s)[22m
 GET /meta.json [33m404[39m in 1316ms[2m (compile: 63ms, render: 1253ms)[22m
 GET /meta.json [33m404[39m in 676ms[2m (compile: 52ms, render: 625ms)[22m
 GET /meta.json [33m404[39m in 341ms[2m (compile: 54ms, render: 287ms)[22m
^C^C
